<?xml version="1.0" encoding="UTF-8"?>
<!-- Generated by org.testng.reporters.JUnitReportReporter -->
<testsuite ignored="0" hostname="DESKTOP-0TMJFKB" failures="0" tests="1" name="Pages.BaseClass" time="9.774" errors="0" timestamp="09 Dec 2017 18:25:17 GMT" skipped="0">
  <testcase classname="Pages.BaseClass" name="LaunchGoogle" time="9.774"/>
</testsuite> <!-- Pages.BaseClass -->
